Copyright 1986-2018 Xilinx, Inc. All Rights Reserved.
--------------------------------------------------------------------------------------------------------------------------------------------------------------------------
| Tool Version : Vivado v.2018.2 (win64) Build 2258646 Thu Jun 14 20:03:12 MDT 2018
| Date         : Wed Oct  2 17:54:34 2019
| Host         : n7-b301-06 running 64-bit major release  (build 9200)
| Command      : report_methodology -file decodeur_7sg_methodology_drc_routed.rpt -pb decodeur_7sg_methodology_drc_routed.pb -rpx decodeur_7sg_methodology_drc_routed.rpx
| Design       : decodeur_7sg
| Device       : xc7a100tcsg324-3
| Speed File   : -3
| Design State : Routed
--------------------------------------------------------------------------------------------------------------------------------------------------------------------------

Report Methodology

Table of Contents
-----------------
1. REPORT SUMMARY
2. REPORT DETAILS

1. REPORT SUMMARY
-----------------
            Netlist: netlist
          Floorplan: design_1
      Design limits: <entire design considered>
             Max violations: <unlimited>
             Violations found: 0
+------+----------+-------------+------------+
| Rule | Severity | Description | Violations |
+------+----------+-------------+------------+
+------+----------+-------------+------------+

2. REPORT DETAILS
-----------------

